<?xml version="1.0" encoding="UTF-8"?>
<coverage generated="1672352266939" clover="3.2.0">
  <project timestamp="1672352266939" name="All files">
    <metrics statements="69" coveredstatements="54" conditionals="29" coveredconditionals="21" methods="11" coveredmethods="10" elements="109" coveredelements="85" complexity="0" loc="69" ncloc="69" packages="1" files="1" classes="1"/>
    <file name="update-project.ts" path="/Users/benbalter/github/update-project-action/src/update-project.ts">
      <metrics statements="69" coveredstatements="54" conditionals="29" coveredconditionals="21" methods="11" coveredmethods="10"/>
      <line num="1" count="1" type="stmt"/>
      <line num="2" count="1" type="stmt"/>
      <line num="16" count="1" type="stmt"/>
      <line num="22" count="3" type="stmt"/>
      <line num="66" count="3" type="stmt"/>
      <line num="68" count="4" type="stmt"/>
      <line num="74" count="3" type="stmt"/>
      <line num="76" count="3" type="cond" truecount="2" falsecount="0"/>
      <line num="77" count="1" type="stmt"/>
      <line num="79" count="2" type="stmt"/>
      <line num="89" count="1" type="stmt"/>
      <line num="96" count="4" type="stmt"/>
      <line num="125" count="4" type="cond" truecount="0" falsecount="1"/>
      <line num="132" count="0" type="stmt"/>
      <line num="135" count="4" type="stmt"/>
      <line num="136" count="4" type="stmt"/>
      <line num="140" count="4" type="cond" truecount="1" falsecount="0"/>
      <line num="141" count="1" type="stmt"/>
      <line num="144" count="3" type="stmt"/>
      <line num="145" count="3" type="stmt"/>
      <line num="149" count="3" type="cond" truecount="3" falsecount="0"/>
      <line num="150" count="3" type="cond" truecount="1" falsecount="0"/>
      <line num="151" count="1" type="stmt"/>
      <line num="155" count="2" type="stmt"/>
      <line num="173" count="1" type="stmt"/>
      <line num="178" count="16" type="cond" truecount="2" falsecount="0"/>
      <line num="179" count="4" type="stmt"/>
      <line num="180" count="4" type="stmt"/>
      <line num="182" count="12" type="stmt"/>
      <line num="183" count="12" type="stmt"/>
      <line num="192" count="1" type="stmt"/>
      <line num="193" count="4" type="cond" truecount="2" falsecount="0"/>
      <line num="194" count="1" type="stmt"/>
      <line num="195" count="3" type="cond" truecount="2" falsecount="0"/>
      <line num="196" count="1" type="stmt"/>
      <line num="198" count="2" type="stmt"/>
      <line num="208" count="1" type="stmt"/>
      <line num="217" count="1" type="cond" truecount="1" falsecount="1"/>
      <line num="218" count="1" type="stmt"/>
      <line num="219" count="1" type="stmt"/>
      <line num="221" count="0" type="stmt"/>
      <line num="222" count="0" type="stmt"/>
      <line num="225" count="1" type="stmt"/>
      <line num="254" count="1" type="stmt"/>
      <line num="262" count="1" type="stmt"/>
      <line num="263" count="4" type="stmt"/>
      <line num="264" count="4" type="cond" truecount="1" falsecount="0"/>
      <line num="266" count="4" type="cond" truecount="1" falsecount="0"/>
      <line num="267" count="1" type="stmt"/>
      <line num="271" count="1" type="stmt"/>
      <line num="274" count="3" type="stmt"/>
      <line num="283" count="3" type="stmt"/>
      <line num="285" count="3" type="stmt"/>
      <line num="293" count="1" type="stmt"/>
      <line num="294" count="6" type="stmt"/>
      <line num="295" count="6" type="stmt"/>
      <line num="298" count="1" type="stmt"/>
      <line num="299" count="0" type="stmt"/>
      <line num="301" count="0" type="stmt"/>
      <line num="302" count="0" type="cond" truecount="0" falsecount="1"/>
      <line num="304" count="0" type="stmt"/>
      <line num="310" count="0" type="cond" truecount="0" falsecount="1"/>
      <line num="312" count="0" type="stmt"/>
      <line num="319" count="0" type="cond" truecount="0" falsecount="1"/>
      <line num="321" count="0" type="cond" truecount="0" falsecount="2"/>
      <line num="322" count="0" type="stmt"/>
      <line num="323" count="0" type="stmt"/>
      <line num="324" count="0" type="stmt"/>
      <line num="328" count="0" type="stmt"/>
    </file>
  </project>
</coverage>
