{"/Users/benbalter/github/update-project-action/src/update-project.ts": {"path":"/Users/benbalter/github/update-project-action/src/update-project.ts","statementMap":{"0":{"start":{"line":1,"column":0},"end":{"line":1,"column":69}},"1":{"start":{"line":2,"column":0},"end":{"line":2,"column":45}},"2":{"start":{"line":22,"column":43},"end":{"line":63,"column":null}},"3":{"start":{"line":66,"column":15},"end":{"line":72,"column":null}},"4":{"start":{"line":68,"column":6},"end":{"line":71,"column":8}},"5":{"start":{"line":74,"column":20},"end":{"line":74,"column":37}},"6":{"start":{"line":76,"column":2},"end":{"line":80,"column":null}},"7":{"start":{"line":77,"column":4},"end":{"line":77,"column":14}},"8":{"start":{"line":79,"column":4},"end":{"line":79,"column":41}},"9":{"start":{"line":16,"column":0},"end":{"line":16,"column":22}},"10":{"start":{"line":96,"column":43},"end":{"line":121,"column":null}},"11":{"start":{"line":125,"column":2},"end":{"line":133,"column":null}},"12":{"start":{"line":132,"column":4},"end":{"line":132,"column":14}},"13":{"start":{"line":135,"column":16},"end":{"line":136,"column":null}},"14":{"start":{"line":136,"column":37},"end":{"line":136,"column":57}},"15":{"start":{"line":140,"column":2},"end":{"line":142,"column":null}},"16":{"start":{"line":141,"column":4},"end":{"line":141,"column":14}},"17":{"start":{"line":144,"column":17},"end":{"line":145,"column":null}},"18":{"start":{"line":145,"column":37},"end":{"line":145,"column":53}},"19":{"start":{"line":149,"column":2},"end":{"line":153,"column":null}},"20":{"start":{"line":150,"column":4},"end":{"line":152,"column":null}},"21":{"start":{"line":151,"column":6},"end":{"line":151,"column":16}},"22":{"start":{"line":155,"column":2},"end":{"line":162,"column":4}},"23":{"start":{"line":89,"column":0},"end":{"line":89,"column":22}},"24":{"start":{"line":178,"column":2},"end":{"line":184,"column":null}},"25":{"start":{"line":179,"column":4},"end":{"line":179,"column":55}},"26":{"start":{"line":180,"column":4},"end":{"line":180,"column":17}},"27":{"start":{"line":182,"column":4},"end":{"line":182,"column":61}},"28":{"start":{"line":183,"column":4},"end":{"line":183,"column":16}},"29":{"start":{"line":173,"column":0},"end":{"line":173,"column":16}},"30":{"start":{"line":193,"column":2},"end":{"line":199,"column":null}},"31":{"start":{"line":194,"column":4},"end":{"line":194,"column":18}},"32":{"start":{"line":195,"column":9},"end":{"line":199,"column":null}},"33":{"start":{"line":196,"column":4},"end":{"line":196,"column":19}},"34":{"start":{"line":198,"column":4},"end":{"line":198,"column":20}},"35":{"start":{"line":192,"column":0},"end":{"line":192,"column":16}},"36":{"start":{"line":217,"column":2},"end":{"line":223,"column":null}},"37":{"start":{"line":218,"column":4},"end":{"line":218,"column":48}},"38":{"start":{"line":219,"column":4},"end":{"line":219,"column":39}},"39":{"start":{"line":221,"column":4},"end":{"line":221,"column":23}},"40":{"start":{"line":222,"column":4},"end":{"line":222,"column":48}},"41":{"start":{"line":225,"column":43},"end":{"line":251,"column":null}},"42":{"start":{"line":254,"column":2},"end":{"line":254,"column":16}},"43":{"start":{"line":208,"column":0},"end":{"line":208,"column":22}},"44":{"start":{"line":263,"column":18},"end":{"line":263,"column":39}},"45":{"start":{"line":264,"column":2},"end":{"line":264,"column":45}},"46":{"start":{"line":264,"column":24},"end":{"line":264,"column":45}},"47":{"start":{"line":266,"column":2},"end":{"line":272,"column":null}},"48":{"start":{"line":267,"column":4},"end":{"line":269,"column":6}},"49":{"start":{"line":271,"column":4},"end":{"line":271,"column":14}},"50":{"start":{"line":274,"column":17},"end":{"line":281,"column":4}},"51":{"start":{"line":283,"column":2},"end":{"line":283,"column":44}},"52":{"start":{"line":285,"column":2},"end":{"line":285,"column":16}},"53":{"start":{"line":262,"column":0},"end":{"line":262,"column":16}},"54":{"start":{"line":294,"column":16},"end":{"line":294,"column":33}},"55":{"start":{"line":295,"column":2},"end":{"line":295,"column":39}},"56":{"start":{"line":293,"column":0},"end":{"line":293,"column":16}},"57":{"start":{"line":299,"column":2},"end":{"line":299,"column":17}},"58":{"start":{"line":301,"column":17},"end":{"line":301,"column":28}},"59":{"start":{"line":302,"column":2},"end":{"line":302,"column":50}},"60":{"start":{"line":302,"column":43},"end":{"line":302,"column":50}},"61":{"start":{"line":304,"column":26},"end":{"line":308,"column":null}},"62":{"start":{"line":310,"column":2},"end":{"line":310,"column":59}},"63":{"start":{"line":310,"column":52},"end":{"line":310,"column":59}},"64":{"start":{"line":312,"column":26},"end":{"line":317,"column":null}},"65":{"start":{"line":319,"column":2},"end":{"line":319,"column":59}},"66":{"start":{"line":319,"column":52},"end":{"line":319,"column":59}},"67":{"start":{"line":321,"column":2},"end":{"line":329,"column":null}},"68":{"start":{"line":322,"column":4},"end":{"line":322,"column":70}},"69":{"start":{"line":323,"column":4},"end":{"line":323,"column":51}},"70":{"start":{"line":324,"column":4},"end":{"line":326,"column":6}},"71":{"start":{"line":328,"column":4},"end":{"line":328,"column":66}},"72":{"start":{"line":298,"column":0},"end":{"line":298,"column":22}}},"fnMap":{"0":{"name":"fetchContentMetadata","decl":{"start":{"line":16,"column":22},"end":{"line":16,"column":42}},"loc":{"start":{"line":20,"column":15},"end":{"line":81,"column":null}}},"1":{"name":"(anonymous_9)","decl":{"start":{"line":67,"column":4},"end":{"line":67,"column":5}},"loc":{"start":{"line":67,"column":39},"end":{"line":72,"column":5}}},"2":{"name":"fetchProjectMetadata","decl":{"start":{"line":89,"column":22},"end":{"line":89,"column":42}},"loc":{"start":{"line":94,"column":19},"end":{"line":163,"column":null}}},"3":{"name":"(anonymous_12)","decl":{"start":{"line":136,"column":4},"end":{"line":136,"column":5}},"loc":{"start":{"line":136,"column":37},"end":{"line":136,"column":57}}},"4":{"name":"(anonymous_13)","decl":{"start":{"line":145,"column":4},"end":{"line":145,"column":5}},"loc":{"start":{"line":145,"column":37},"end":{"line":145,"column":53}}},"5":{"name":"ensureExists","decl":{"start":{"line":173,"column":16},"end":{"line":173,"column":28}},"loc":{"start":{"line":176,"column":20},"end":{"line":185,"column":1}}},"6":{"name":"valueGraphqlType","decl":{"start":{"line":192,"column":16},"end":{"line":192,"column":32}},"loc":{"start":{"line":192,"column":50},"end":{"line":200,"column":1}}},"7":{"name":"updateField","decl":{"start":{"line":208,"column":22},"end":{"line":208,"column":33}},"loc":{"start":{"line":211,"column":15},"end":{"line":255,"column":null}}},"8":{"name":"getInputs","decl":{"start":{"line":262,"column":16},"end":{"line":262,"column":25}},"loc":{"start":{"line":262,"column":25},"end":{"line":286,"column":1}}},"9":{"name":"setupOctokit","decl":{"start":{"line":293,"column":16},"end":{"line":293,"column":28}},"loc":{"start":{"line":293,"column":61},"end":{"line":296,"column":1}}},"10":{"name":"run","decl":{"start":{"line":298,"column":22},"end":{"line":298,"column":25}},"loc":{"start":{"line":298,"column":25},"end":{"line":330,"column":null}}}},"branchMap":{"0":{"loc":{"start":{"line":69,"column":8},"end":{"line":70,"column":42}},"type":"binary-expr","locations":[{"start":{"line":69,"column":8},"end":{"line":69,"column":45}},{"start":{"line":70,"column":8},"end":{"line":70,"column":42}}]},"1":{"loc":{"start":{"line":76,"column":2},"end":{"line":80,"column":null}},"type":"if","locations":[{"start":{"line":76,"column":2},"end":{"line":80,"column":null}},{"start":{"line":78,"column":9},"end":{"line":80,"column":null}}]},"2":{"loc":{"start":{"line":125,"column":2},"end":{"line":133,"column":null}},"type":"if","locations":[{"start":{"line":125,"column":2},"end":{"line":133,"column":null}}]},"3":{"loc":{"start":{"line":140,"column":2},"end":{"line":142,"column":null}},"type":"if","locations":[{"start":{"line":140,"column":2},"end":{"line":142,"column":null}}]},"4":{"loc":{"start":{"line":149,"column":2},"end":{"line":153,"column":null}},"type":"if","locations":[{"start":{"line":149,"column":2},"end":{"line":153,"column":null}}]},"5":{"loc":{"start":{"line":149,"column":6},"end":{"line":149,"column":66}},"type":"binary-expr","locations":[{"start":{"line":149,"column":6},"end":{"line":149,"column":40}},{"start":{"line":149,"column":44},"end":{"line":149,"column":66}}]},"6":{"loc":{"start":{"line":150,"column":4},"end":{"line":152,"column":null}},"type":"if","locations":[{"start":{"line":150,"column":4},"end":{"line":152,"column":null}}]},"7":{"loc":{"start":{"line":160,"column":16},"end":{"line":160,"column":26}},"type":"cond-expr","locations":[{"start":{"line":160,"column":22},"end":{"line":160,"column":24}},{"start":{"line":160,"column":16},"end":{"line":160,"column":26}}]},"8":{"loc":{"start":{"line":160,"column":16},"end":{"line":160,"column":24}},"type":"binary-expr","locations":[{"start":{"line":160,"column":16},"end":{"line":160,"column":24}},{"start":{"line":160,"column":16},"end":{"line":160,"column":24}}]},"9":{"loc":{"start":{"line":178,"column":2},"end":{"line":184,"column":null}},"type":"if","locations":[{"start":{"line":178,"column":2},"end":{"line":184,"column":null}},{"start":{"line":181,"column":9},"end":{"line":184,"column":null}}]},"10":{"loc":{"start":{"line":193,"column":2},"end":{"line":199,"column":null}},"type":"if","locations":[{"start":{"line":193,"column":2},"end":{"line":199,"column":null}},{"start":{"line":195,"column":9},"end":{"line":199,"column":null}}]},"11":{"loc":{"start":{"line":195,"column":9},"end":{"line":199,"column":null}},"type":"if","locations":[{"start":{"line":195,"column":9},"end":{"line":199,"column":null}},{"start":{"line":197,"column":9},"end":{"line":199,"column":null}}]},"12":{"loc":{"start":{"line":217,"column":2},"end":{"line":223,"column":null}},"type":"if","locations":[{"start":{"line":217,"column":2},"end":{"line":223,"column":null}},{"start":{"line":220,"column":9},"end":{"line":223,"column":null}}]},"13":{"loc":{"start":{"line":264,"column":2},"end":{"line":264,"column":45}},"type":"if","locations":[{"start":{"line":264,"column":2},"end":{"line":264,"column":45}}]},"14":{"loc":{"start":{"line":266,"column":2},"end":{"line":272,"column":null}},"type":"if","locations":[{"start":{"line":266,"column":2},"end":{"line":272,"column":null}}]},"15":{"loc":{"start":{"line":302,"column":2},"end":{"line":302,"column":50}},"type":"if","locations":[{"start":{"line":302,"column":2},"end":{"line":302,"column":50}}]},"16":{"loc":{"start":{"line":310,"column":2},"end":{"line":310,"column":59}},"type":"if","locations":[{"start":{"line":310,"column":2},"end":{"line":310,"column":59}}]},"17":{"loc":{"start":{"line":319,"column":2},"end":{"line":319,"column":59}},"type":"if","locations":[{"start":{"line":319,"column":2},"end":{"line":319,"column":59}}]},"18":{"loc":{"start":{"line":321,"column":2},"end":{"line":329,"column":null}},"type":"if","locations":[{"start":{"line":321,"column":2},"end":{"line":329,"column":null}},{"start":{"line":327,"column":9},"end":{"line":329,"column":null}}]}},"s":{"0":1,"1":1,"2":3,"3":3,"4":4,"5":3,"6":3,"7":1,"8":2,"9":1,"10":4,"11":4,"12":0,"13":4,"14":4,"15":4,"16":1,"17":3,"18":3,"19":3,"20":3,"21":1,"22":2,"23":1,"24":16,"25":4,"26":4,"27":12,"28":12,"29":1,"30":4,"31":1,"32":3,"33":1,"34":2,"35":1,"36":1,"37":1,"38":1,"39":0,"40":0,"41":1,"42":1,"43":1,"44":4,"45":4,"46":2,"47":4,"48":1,"49":1,"50":3,"51":3,"52":3,"53":1,"54":6,"55":6,"56":1,"57":0,"58":0,"59":0,"60":0,"61":0,"62":0,"63":0,"64":0,"65":0,"66":0,"67":0,"68":0,"69":0,"70":0,"71":0,"72":1},"f":{"0":3,"1":4,"2":4,"3":4,"4":3,"5":16,"6":4,"7":1,"8":4,"9":6,"10":0},"b":{"0":[4,3],"1":[1,2],"2":[0],"3":[1],"4":[3],"5":[3,3],"6":[1],"7":[0,2],"8":[2,2],"9":[4,12],"10":[1,3],"11":[1,2],"12":[1,0],"13":[2],"14":[1],"15":[0],"16":[0],"17":[0],"18":[0,0]}}
}
