TN:
SF:src/update-project.ts
FN:16,fetchContentMetadata
FN:67,(anonymous_9)
FN:89,fetchProjectMetadata
FN:136,(anonymous_12)
FN:145,(anonymous_13)
FN:173,ensureExists
FN:192,valueGraphqlType
FN:208,updateField
FN:262,getInputs
FN:293,setupOctokit
FN:298,run
FNF:11
FNH:10
FNDA:3,fetchContentMetadata
FNDA:4,(anonymous_9)
FNDA:4,fetchProjectMetadata
FNDA:4,(anonymous_12)
FNDA:3,(anonymous_13)
FNDA:16,ensureExists
FNDA:4,valueGraphqlType
FNDA:1,updateField
FNDA:4,getInputs
FNDA:6,setupOctokit
FNDA:0,run
DA:1,1
DA:2,1
DA:16,1
DA:22,3
DA:66,3
DA:68,4
DA:74,3
DA:76,3
DA:77,1
DA:79,2
DA:89,1
DA:96,4
DA:125,4
DA:132,0
DA:135,4
DA:136,4
DA:140,4
DA:141,1
DA:144,3
DA:145,3
DA:149,3
DA:150,3
DA:151,1
DA:155,2
DA:173,1
DA:178,16
DA:179,4
DA:180,4
DA:182,12
DA:183,12
DA:192,1
DA:193,4
DA:194,1
DA:195,3
DA:196,1
DA:198,2
DA:208,1
DA:217,1
DA:218,1
DA:219,1
DA:221,0
DA:222,0
DA:225,1
DA:254,1
DA:262,1
DA:263,4
DA:264,4
DA:266,4
DA:267,1
DA:271,1
DA:274,3
DA:283,3
DA:285,3
DA:293,1
DA:294,6
DA:295,6
DA:298,1
DA:299,0
DA:301,0
DA:302,0
DA:304,0
DA:310,0
DA:312,0
DA:319,0
DA:321,0
DA:322,0
DA:323,0
DA:324,0
DA:328,0
LF:69
LH:54
BRDA:69,0,0,4
BRDA:69,0,1,3
BRDA:76,1,0,1
BRDA:76,1,1,2
BRDA:125,2,0,0
BRDA:140,3,0,1
BRDA:149,4,0,3
BRDA:149,5,0,3
BRDA:149,5,1,3
BRDA:150,6,0,1
BRDA:160,7,0,0
BRDA:160,7,1,2
BRDA:160,8,0,2
BRDA:160,8,1,2
BRDA:178,9,0,4
BRDA:178,9,1,12
BRDA:193,10,0,1
BRDA:193,10,1,3
BRDA:195,11,0,1
BRDA:195,11,1,2
BRDA:217,12,0,1
BRDA:217,12,1,0
BRDA:264,13,0,2
BRDA:266,14,0,1
BRDA:302,15,0,0
BRDA:310,16,0,0
BRDA:319,17,0,0
BRDA:321,18,0,0
BRDA:321,18,1,0
BRF:29
BRH:21
end_of_record
